[01:17:08] [Server console handler/ERROR]: Exception handling console input
java.io.IOException: ÉnÉìÉhÉãÇ™ñ≥å¯Ç≈Ç∑ÅB
	at java.io.FileInputStream.readBytes(Native Method) ~[?:1.8.0_131]
	at java.io.FileInputStream.read(FileInputStream.java:255) ~[?:1.8.0_131]
	at java.io.BufferedInputStream.read1(BufferedInputStream.java:284) ~[?:1.8.0_131]
	at java.io.BufferedInputStream.read(BufferedInputStream.java:345) ~[?:1.8.0_131]
	at sun.nio.cs.StreamDecoder.readBytes(StreamDecoder.java:284) ~[?:1.8.0_131]
	at sun.nio.cs.StreamDecoder.implRead(StreamDecoder.java:326) ~[?:1.8.0_131]
	at sun.nio.cs.StreamDecoder.read(StreamDecoder.java:178) ~[?:1.8.0_131]
	at java.io.InputStreamReader.read(InputStreamReader.java:184) ~[?:1.8.0_131]
	at java.io.BufferedReader.fill(BufferedReader.java:161) ~[?:1.8.0_131]
	at java.io.BufferedReader.readLine(BufferedReader.java:324) ~[?:1.8.0_131]
	at java.io.BufferedReader.readLine(BufferedReader.java:389) ~[?:1.8.0_131]
	at la$2.run(SourceFile:93) [server.jar:?]
[01:17:08] [Server thread/INFO]: Starting minecraft server version 1.9
[01:17:08] [Server thread/INFO]: Loading properties
[01:17:08] [Server thread/INFO]: Default game type: SURVIVAL
[01:17:08] [Server thread/INFO]: Generating keypair
[01:17:08] [Server thread/INFO]: Starting Minecraft server on *:25565
[01:17:08] [Server thread/INFO]: Using default channel type
[01:17:09] [Server thread/INFO]: Preparing level "hiyokokko_world"
[01:17:09] [Server thread/INFO]: Preparing start region for level 0
[01:17:10] [Server thread/INFO]: Preparing spawn area: 3%
[01:17:11] [Server thread/INFO]: Preparing spawn area: 88%
[01:17:11] [Server thread/INFO]: Done (2.563s)! For help, type "help" or "?"
[01:17:44] [User Authenticator #1/INFO]: UUID of player hiyokokko1111 is 0c78a0d8-3b22-4d00-b9a2-8f1cf1adf472
[01:17:44] [Server thread/INFO]: hiyokokko1111[/192.168.2.1:55114] logged in with entity id 145 at (325.70284284966556, 71.0, 477.4885211159342)
[01:17:44] [Server thread/INFO]: hiyokokko1111 joined the game
[02:34:52] [Server thread/WARN]: hiyokokko1111 moved wrongly!
[03:13:15] [Server thread/INFO]: hiyokokko1111 lost connection: TextComponent{text='Disconnected', siblings=[], style=Style{hasParent=false, color=null, bold=null, italic=null, underlined=null, obfuscated=null, clickEvent=null, hoverEvent=null, insertion=null}}
[03:13:15] [Server thread/INFO]: hiyokokko1111 left the game
[03:14:27] [Server thread/INFO]: Stopping server
[03:14:27] [Server thread/INFO]: Saving players
[03:14:27] [Server thread/INFO]: Saving worlds
[03:14:27] [Server thread/INFO]: Saving chunks for level 'hiyokokko_world'/Overworld
[03:14:27] [Server thread/INFO]: Saving chunks for level 'hiyokokko_world'/Nether
[03:14:27] [Server thread/INFO]: Saving chunks for level 'hiyokokko_world'/The End
[03:14:27] [Server Shutdown Thread/INFO]: Stopping server
